[debug] [2025-10-06T08:31:27.650Z] ----------------------------------------------------------------------
[debug] [2025-10-06T08:31:27.654Z] Command:       C:\nvm4w\nodejs\node.exe C:\nvm4w\nodejs\node_modules\firebase-tools\lib\bin\firebase.js init
[debug] [2025-10-06T08:31:27.655Z] CLI Version:   14.18.0
[debug] [2025-10-06T08:31:27.655Z] Platform:      win32
[debug] [2025-10-06T08:31:27.655Z] Node Version:  v20.19.4
[debug] [2025-10-06T08:31:27.655Z] Time:          Mon Oct 06 2025 15:31:27 GMT+0700 (Indochina Time)
[debug] [2025-10-06T08:31:27.656Z] ----------------------------------------------------------------------
[debug] 
[debug] [2025-10-06T08:31:27.663Z] > command requires scopes: ["email","openid","https://www.googleapis.com/auth/cloudplatformprojects.readonly","https://www.googleapis.com/auth/firebase","https://www.googleapis.com/auth/cloud-platform"]
[debug] [2025-10-06T08:31:27.664Z] > authorizing via signed-in user (rasyid.rsn@gmail.com)
[info] 
     ######## #### ########  ######## ########     ###     ######  ########
     ##        ##  ##     ## ##       ##     ##  ##   ##  ##       ##
     ######    ##  ########  ######   ########  #########  ######  ######
     ##        ##  ##    ##  ##       ##     ## ##     ##       ## ##
     ##       #### ##     ## ######## ########  ##     ##  ######  ########

You're about to initialize a Firebase project in this directory:

  C:\Users\hi\Documents\Visual Studio Code\PAWLearn

[debug] [2025-10-06T08:31:51.846Z] ExitPromptError: User force closed the prompt with SIGINT
    at Interface.sigint (C:\Users\hi\AppData\Local\nvm\v20.19.4\node_modules\firebase-tools\node_modules\@inquirer\core\dist\commonjs\lib\create-prompt.js:101:37)
    at Interface.emit (node:events:524:28)
    at Interface.emit (node:domain:489:12)
    at [_ttyWrite] [as _ttyWrite] (node:internal/readline/interface:1125:18)
    at ReadStream.onkeypress (node:internal/readline/interface:264:20)
    at ReadStream.emit (node:events:536:35)
    at ReadStream.emit (node:domain:489:12)
    at emitKeys (node:internal/readline/utils:371:14)
    at emitKeys.next (<anonymous>)
    at ReadStream.onData (node:internal/readline/emitKeypressEvents:64:36)
[error] 
[error] Error: An unexpected error has occurred.
